<?xml version="1.0" encoding="UTF-8"?>
<testsuite name="com.reliaquest.api.controller.employee.EmployeeControllerTest" tests="9" skipped="0" failures="0" errors="0" timestamp="2025-08-28T15:31:23" hostname="NEW5074-640" time="0.636">
  <properties/>
  <testcase name="testGetTopTenHighestEarningEmployeeNames()" classname="com.reliaquest.api.controller.employee.EmployeeControllerTest" time="0.553"/>
  <testcase name="testGetHighestSalaryOfEmployees()" classname="com.reliaquest.api.controller.employee.EmployeeControllerTest" time="0.007"/>
  <testcase name="testDeleteEmployeeById_NotFound()" classname="com.reliaquest.api.controller.employee.EmployeeControllerTest" time="0.019"/>
  <testcase name="testDeleteEmployeeById_Found()" classname="com.reliaquest.api.controller.employee.EmployeeControllerTest" time="0.005"/>
  <testcase name="testGetEmployeeById_Found()" classname="com.reliaquest.api.controller.employee.EmployeeControllerTest" time="0.006"/>
  <testcase name="testGetEmployeeById_NotFound()" classname="com.reliaquest.api.controller.employee.EmployeeControllerTest" time="0.005"/>
  <testcase name="testCreateEmployee()" classname="com.reliaquest.api.controller.employee.EmployeeControllerTest" time="0.015"/>
  <testcase name="testGetAllEmployees()" classname="com.reliaquest.api.controller.employee.EmployeeControllerTest" time="0.007"/>
  <testcase name="testGetEmployeesByNameSearch()" classname="com.reliaquest.api.controller.employee.EmployeeControllerTest" time="0.004"/>
  <system-out><![CDATA[]]></system-out>
  <system-err><![CDATA[]]></system-err>
</testsuite>
