<?xml version="1.0" encoding="UTF-8"?>
<testsuite name="com.reliaquest.api.controller.auth.AuthControllerTest" tests="4" skipped="0" failures="0" errors="0" timestamp="2025-08-28T15:31:22" hostname="NEW5074-640" time="0.935">
  <properties/>
  <testcase name="testGetTokenWithInvalidUsername()" classname="com.reliaquest.api.controller.auth.AuthControllerTest" time="0.12"/>
  <testcase name="testGetTokenWithValidCredentials()" classname="com.reliaquest.api.controller.auth.AuthControllerTest" time="0.802"/>
  <testcase name="testGetTokenWithInvalidPassword()" classname="com.reliaquest.api.controller.auth.AuthControllerTest" time="0.005"/>
  <testcase name="testGetTokenWithInvalidCredentials()" classname="com.reliaquest.api.controller.auth.AuthControllerTest" time="0.004"/>
  <system-out><![CDATA[]]></system-out>
  <system-err><![CDATA[]]></system-err>
</testsuite>
