<?xml version="1.0" encoding="UTF-8"?>
<testsuite name="com.reliaquest.api.ApiApplicationTest" tests="1" skipped="0" failures="0" errors="0" timestamp="2025-08-28T15:31:19" hostname="NEW5074-640" time="2.504">
  <properties/>
  <testcase name="someTest()" classname="com.reliaquest.api.ApiApplicationTest" time="2.504"/>
  <system-out><![CDATA[21:01:10.561 [Test worker] INFO org.springframework.test.context.support.AnnotationConfigContextLoaderUtils -- Could not detect default configuration classes for test class [com.reliaquest.api.ApiApplicationTest]: ApiApplicationTest does not declare any static, non-private, non-final, nested classes annotated with @Configuration.
21:01:11.128 [Test worker] INFO org.springframework.boot.test.context.SpringBootTestContextBootstrapper -- Found @SpringBootConfiguration com.reliaquest.api.ApiApplication for test class com.reliaquest.api.ApiApplicationTest

  .   ____          _            __ _ _
 /\\ / ___'_ __ _ _(_)_ __  __ _ \ \ \ \
( ( )\___ | '_ | '_| | '_ \/ _` | \ \ \ \
 \\/  ___)| |_)| | | | | || (_| |  ) ) ) )
  '  |____| .__|_| |_|_| |_\__, | / / / /
 =========|_|==============|___/=/_/_/_/
 :: Spring Boot ::               (v3.2.10)

2025-08-28T21:01:13.349+05:30  INFO 35180 --- [employee-api] [    Test worker] com.reliaquest.api.ApiApplicationTest    : Starting ApiApplicationTest using Java 17.0.6 with PID 35180 (started by skurade in C:\Satmetrix_Repo\java-employee-challenge\api)
2025-08-28T21:01:13.358+05:30  INFO 35180 --- [employee-api] [    Test worker] com.reliaquest.api.ApiApplicationTest    : No active profile set, falling back to 1 default profile: "default"
2025-08-28T21:01:17.575+05:30  WARN 35180 --- [employee-api] [    Test worker] .s.s.UserDetailsServiceAutoConfiguration : 

Using generated security password: 77f6acec-aa2d-4862-bbab-e4eefd5770dc

This generated password is for development use only. Your security configuration must be updated before running your application in production.

2025-08-28T21:01:18.535+05:30  INFO 35180 --- [employee-api] [    Test worker] o.s.s.web.DefaultSecurityFilterChain     : Will secure any request with [org.springframework.security.web.session.DisableEncodeUrlFilter@2364ac68, org.springframework.security.web.context.request.async.WebAsyncManagerIntegrationFilter@6a48b251, org.springframework.security.web.context.SecurityContextHolderFilter@531748bc, org.springframework.security.web.header.HeaderWriterFilter@60220acd, org.springframework.security.web.authentication.logout.LogoutFilter@c718cdb, com.reliaquest.api.security.JwtFilter@448777ad, org.springframework.security.web.savedrequest.RequestCacheAwareFilter@5551a088, org.springframework.security.web.servletapi.SecurityContextHolderAwareRequestFilter@59019c3e, org.springframework.security.web.authentication.AnonymousAuthenticationFilter@3033e16b, org.springframework.security.web.access.ExceptionTranslationFilter@5554bd99, org.springframework.security.web.access.intercept.AuthorizationFilter@c98afaa]
2025-08-28T21:01:19.480+05:30  INFO 35180 --- [employee-api] [    Test worker] com.reliaquest.api.ApiApplicationTest    : Started ApiApplicationTest in 7.536 seconds (process running for 12.943)
]]></system-out>
  <system-err><![CDATA[]]></system-err>
</testsuite>
